{
  "0 debug pnpm:scope": {
    "selected": 1
  },
  "1 debug pnpm:package-manifest": {
    "initial": {
      "name": "src",
      "version": "0.0.1",
      "scripts": {
        "dev": "svelte-kit dev",
        "build": "svelte-kit build",
        "package": "svelte-kit package",
        "preview": "svelte-kit preview",
        "prepare": "svelte-kit sync"
      },
      "devDependencies": {
        "@sveltejs/adapter-auto": "next",
        "@sveltejs/kit": "next",
        "svelte": "^3.46.0"
      },
      "type": "module",
      "dependencies": {
        "@fontsource/fira-mono": "^4.5.0",
        "@lukeed/uuid": "^2.0.0",
        "cookie": "^0.4.1"
      }
    },
    "prefix": "C:\\Users\\jrjoh\\Desktop\\3rd-web\\irb0gie\\src"
  },
  "2 debug pnpm:context": {
    "currentLockfileExists": false,
    "storeDir": "C:\\Users\\jrjoh\\.pnpm-store\\v3",
    "virtualStoreDir": "C:\\Users\\jrjoh\\Desktop\\3rd-web\\irb0gie\\src\\node_modules\\.pnpm"
  },
  "3 debug pnpm:stage": {
    "prefix": "C:\\Users\\jrjoh\\Desktop\\3rd-web\\irb0gie\\src",
    "stage": "resolution_started"
  },
  "4 debug pnpm:_dependency_resolved": {
    "resolution": "registry.npmjs.org/cookie/0.4.2",
    "wanted": {
      "dependentId": ".",
      "name": "cookie",
      "rawSpec": "^0.4.1"
    }
  },
  "5 debug pnpm:progress": {
    "packageId": "registry.npmjs.org/cookie/0.4.2",
    "requester": "C:\\Users\\jrjoh\\Desktop\\3rd-web\\irb0gie\\src",
    "status": "resolved"
  },
  "6 debug pnpm:fetching-progress": {
    "attempt": 1,
    "packageId": "registry.npmjs.org/cookie/0.4.2",
    "size": 6986,
    "status": "started"
  },
  "7 debug pnpm:_dependency_resolved": {
    "resolution": "registry.npmjs.org/@sveltejs/adapter-auto/1.0.0-next.44",
    "wanted": {
      "dependentId": ".",
      "name": "@sveltejs/adapter-auto",
      "rawSpec": "next"
    }
  },
  "8 debug pnpm:progress": {
    "packageId": "registry.npmjs.org/@sveltejs/adapter-auto/1.0.0-next.44",
    "requester": "C:\\Users\\jrjoh\\Desktop\\3rd-web\\irb0gie\\src",
    "status": "resolved"
  },
  "9 debug pnpm:update-check": {
    "currentVersion": "6.11.0",
    "latestVersion": "7.1.3"
  },
  "10 debug pnpm:_dependency_resolved": {
    "resolution": "registry.npmjs.org/svelte/3.48.0",
    "wanted": {
      "dependentId": ".",
      "name": "svelte",
      "rawSpec": "^3.46.0"
    }
  },
  "11 debug pnpm:progress": {
    "packageId": "registry.npmjs.org/svelte/3.48.0",
    "requester": "C:\\Users\\jrjoh\\Desktop\\3rd-web\\irb0gie\\src",
    "status": "resolved"
  },
  "12 debug pnpm:progress": {
    "packageId": "registry.npmjs.org/cookie/0.4.2",
    "requester": "C:\\Users\\jrjoh\\Desktop\\3rd-web\\irb0gie\\src",
    "status": "fetched"
  },
  "13 debug pnpm:fetching-progress": {
    "attempt": 1,
    "packageId": "registry.npmjs.org/svelte/3.48.0",
    "size": 1435893,
    "status": "started"
  },
  "14 debug pnpm:progress": {
    "packageId": "registry.npmjs.org/svelte/3.48.0",
    "requester": "C:\\Users\\jrjoh\\Desktop\\3rd-web\\irb0gie\\src",
    "status": "fetched"
  },
  "15 debug pnpm:fetching-progress": {
    "attempt": 1,
    "packageId": "registry.npmjs.org/@sveltejs/adapter-auto/1.0.0-next.44",
    "size": 2471,
    "status": "started"
  },
  "16 debug pnpm:progress": {
    "packageId": "registry.npmjs.org/@sveltejs/adapter-auto/1.0.0-next.44",
    "requester": "C:\\Users\\jrjoh\\Desktop\\3rd-web\\irb0gie\\src",
    "status": "fetched"
  },
  "17 debug pnpm:_dependency_resolved": {
    "resolution": "registry.npmjs.org/@fontsource/fira-mono/4.5.8",
    "wanted": {
      "dependentId": ".",
      "name": "@fontsource/fira-mono",
      "rawSpec": "^4.5.0"
    }
  },
  "18 debug pnpm:progress": {
    "packageId": "registry.npmjs.org/@fontsource/fira-mono/4.5.8",
    "requester": "C:\\Users\\jrjoh\\Desktop\\3rd-web\\irb0gie\\src",
    "status": "resolved"
  },
  "19 debug pnpm:_dependency_resolved": {
    "resolution": "registry.npmjs.org/@lukeed/uuid/2.0.0",
    "wanted": {
      "dependentId": ".",
      "name": "@lukeed/uuid",
      "rawSpec": "^2.0.0"
    }
  },
  "20 debug pnpm:progress": {
    "packageId": "registry.npmjs.org/@lukeed/uuid/2.0.0",
    "requester": "C:\\Users\\jrjoh\\Desktop\\3rd-web\\irb0gie\\src",
    "status": "resolved"
  },
  "21 debug pnpm:_dependency_resolved": {
    "resolution": "registry.npmjs.org/@sveltejs/kit/1.0.0-next.338",
    "wanted": {
      "dependentId": ".",
      "name": "@sveltejs/kit",
      "rawSpec": "next"
    }
  },
  "22 warn pnpm:install-check": {
    "message": "Unsupported engine for registry.npmjs.org/@sveltejs/kit/1.0.0-next.338: wanted: {\"node\":\">=16\"} (current: {\"node\":\"v14.15.3\",\"pnpm\":\"6.11.0\"})",
    "prefix": "C:\\Users\\jrjoh\\Desktop\\3rd-web\\irb0gie\\src"
  },
  "23 error pnpm": {
    "code": "ERR_PNPM_UNSUPPORTED_ENGINE",
    "packageId": "registry.npmjs.org/@sveltejs/kit/1.0.0-next.338",
    "wanted": {
      "node": ">=16"
    },
    "current": {
      "node": "v14.15.3",
      "pnpm": "6.11.0"
    },
    "err": {
      "name": "Error",
      "message": "Unsupported engine for registry.npmjs.org/@sveltejs/kit/1.0.0-next.338: wanted: {\"node\":\">=16\"} (current: {\"node\":\"v14.15.3\",\"pnpm\":\"6.11.0\"})",
      "code": "ERR_PNPM_UNSUPPORTED_ENGINE",
      "stack": "Error: Unsupported engine for registry.npmjs.org/@sveltejs/kit/1.0.0-next.338: wanted: {\"node\":\">=16\"} (current: {\"node\":\"v14.15.3\",\"pnpm\":\"6.11.0\"})\n    at Object.checkEngine [as default] (C:\\Users\\jrjoh\\.node\\corepack\\pnpm\\6.11.0\\dist\\pnpm.cjs:35213:16)\n    at checkPackage (C:\\Users\\jrjoh\\.node\\corepack\\pnpm\\6.11.0\\dist\\pnpm.cjs:35357:99)\n    at Object.packageIsInstallable [as default] (C:\\Users\\jrjoh\\.node\\corepack\\pnpm\\6.11.0\\dist\\pnpm.cjs:35327:20)\n    at resolveDependency (C:\\Users\\jrjoh\\.node\\corepack\\pnpm\\6.11.0\\dist\\pnpm.cjs:110715:81)\n    at runMicrotasks (<anonymous>)\n    at processTicksAndRejections (internal/process/task_queues.js:93:5)\n    at async resolveDependenciesOfDependency (C:\\Users\\jrjoh\\.node\\corepack\\pnpm\\6.11.0\\dist\\pnpm.cjs:110452:39)\n    at async Promise.all (index 1)\n    at async Object.resolveDependencies [as default] (C:\\Users\\jrjoh\\.node\\corepack\\pnpm\\6.11.0\\dist\\pnpm.cjs:110422:29)\n    at async C:\\Users\\jrjoh\\.node\\corepack\\pnpm\\6.11.0\\dist\\pnpm.cjs:110937:47"
    }
  }
}